{"/Users/christoler/v0-vital-cv-frontend-mvp/lib/auth/session.ts": {"path":"/Users/christoler/v0-vital-cv-frontend-mvp/lib/auth/session.ts","statementMap":{"0":{"start":{"line":92,"column":22},"end":{"line":92,"column":40}},"1":{"start":{"line":32,"column":16},"end":{"line":32,"column":29}},"2":{"start":{"line":117,"column":22},"end":{"line":117,"column":36}},"3":{"start":{"line":55,"column":22},"end":{"line":55,"column":32}},"4":{"start":{"line":125,"column":22},"end":{"line":125,"column":37}},"5":{"start":{"line":77,"column":22},"end":{"line":77,"column":38}},"6":{"start":{"line":101,"column":22},"end":{"line":101,"column":28}},"7":{"start":{"line":110,"column":22},"end":{"line":110,"column":29}},"8":{"start":{"line":43,"column":16},"end":{"line":43,"column":29}},"9":{"start":{"line":7,"column":16},"end":{"line":7,"column":null}},"10":{"start":{"line":8,"column":24},"end":{"line":8,"column":null}},"11":{"start":{"line":11,"column":20},"end":{"line":11,"column":null}},"12":{"start":{"line":12,"column":28},"end":{"line":12,"column":null}},"13":{"start":{"line":13,"column":25},"end":{"line":13,"column":38}},"14":{"start":{"line":33,"column":55},"end":{"line":33,"column":null}},"15":{"start":{"line":35,"column":2},"end":{"line":37,"column":null}},"16":{"start":{"line":44,"column":2},"end":{"line":49,"column":null}},"17":{"start":{"line":45,"column":20},"end":{"line":45,"column":null}},"18":{"start":{"line":46,"column":4},"end":{"line":46,"column":null}},"19":{"start":{"line":48,"column":4},"end":{"line":48,"column":null}},"20":{"start":{"line":58,"column":2},"end":{"line":65,"column":null}},"21":{"start":{"line":60,"column":4},"end":{"line":60,"column":null}},"22":{"start":{"line":63,"column":24},"end":{"line":63,"column":null}},"23":{"start":{"line":64,"column":4},"end":{"line":64,"column":null}},"24":{"start":{"line":67,"column":2},"end":{"line":69,"column":null}},"25":{"start":{"line":68,"column":4},"end":{"line":68,"column":null}},"26":{"start":{"line":71,"column":2},"end":{"line":71,"column":null}},"27":{"start":{"line":78,"column":22},"end":{"line":78,"column":null}},"28":{"start":{"line":80,"column":2},"end":{"line":86,"column":null}},"29":{"start":{"line":93,"column":22},"end":{"line":93,"column":null}},"30":{"start":{"line":95,"column":2},"end":{"line":95,"column":null}},"31":{"start":{"line":102,"column":16},"end":{"line":102,"column":null}},"32":{"start":{"line":103,"column":2},"end":{"line":103,"column":null}},"33":{"start":{"line":104,"column":2},"end":{"line":104,"column":null}},"34":{"start":{"line":111,"column":2},"end":{"line":111,"column":null}},"35":{"start":{"line":118,"column":18},"end":{"line":118,"column":null}},"36":{"start":{"line":119,"column":2},"end":{"line":119,"column":null}},"37":{"start":{"line":126,"column":18},"end":{"line":126,"column":null}},"38":{"start":{"line":127,"column":2},"end":{"line":127,"column":null}}},"fnMap":{"0":{"name":"createSession","decl":{"start":{"line":32,"column":16},"end":{"line":32,"column":29}},"loc":{"start":{"line":32,"column":47},"end":{"line":38,"column":null}}},"1":{"name":"verifySession","decl":{"start":{"line":43,"column":16},"end":{"line":43,"column":29}},"loc":{"start":{"line":43,"column":43},"end":{"line":50,"column":null}}},"2":{"name":"getSession","decl":{"start":{"line":55,"column":22},"end":{"line":55,"column":32}},"loc":{"start":{"line":55,"column":54},"end":{"line":72,"column":null}}},"3":{"name":"setSessionCookie","decl":{"start":{"line":77,"column":22},"end":{"line":77,"column":38}},"loc":{"start":{"line":77,"column":52},"end":{"line":87,"column":null}}},"4":{"name":"clearSessionCookie","decl":{"start":{"line":92,"column":22},"end":{"line":92,"column":40}},"loc":{"start":{"line":92,"column":22},"end":{"line":96,"column":null}}},"5":{"name":"signIn","decl":{"start":{"line":101,"column":22},"end":{"line":101,"column":28}},"loc":{"start":{"line":101,"column":46},"end":{"line":105,"column":null}}},"6":{"name":"signOut","decl":{"start":{"line":110,"column":22},"end":{"line":110,"column":29}},"loc":{"start":{"line":110,"column":22},"end":{"line":112,"column":null}}},"7":{"name":"getCurrentUser","decl":{"start":{"line":117,"column":22},"end":{"line":117,"column":36}},"loc":{"start":{"line":117,"column":58},"end":{"line":120,"column":null}}},"8":{"name":"isAuthenticated","decl":{"start":{"line":125,"column":22},"end":{"line":125,"column":37}},"loc":{"start":{"line":125,"column":59},"end":{"line":128,"column":null}}}},"branchMap":{"0":{"loc":{"start":{"line":11,"column":20},"end":{"line":11,"column":null}},"type":"binary-expr","locations":[{"start":{"line":11,"column":20},"end":{"line":11,"column":43}},{"start":{"line":11,"column":47},"end":{"line":11,"column":null}}]},"1":{"loc":{"start":{"line":58,"column":2},"end":{"line":65,"column":null}},"type":"if","locations":[{"start":{"line":58,"column":2},"end":{"line":65,"column":null}},{"start":{"line":61,"column":9},"end":{"line":65,"column":null}}]},"2":{"loc":{"start":{"line":67,"column":2},"end":{"line":69,"column":null}},"type":"if","locations":[{"start":{"line":67,"column":2},"end":{"line":69,"column":null}},{"start":{},"end":{}}]},"3":{"loc":{"start":{"line":119,"column":9},"end":{"line":119,"column":null}},"type":"binary-expr","locations":[{"start":{"line":119,"column":9},"end":{"line":119,"column":26}},{"start":{"line":119,"column":26},"end":{"line":119,"column":null}}]}},"s":{"0":0,"1":8,"2":0,"3":0,"4":0,"5":0,"6":0,"7":0,"8":6,"9":1,"10":1,"11":1,"12":1,"13":1,"14":8,"15":8,"16":6,"17":6,"18":4,"19":2,"20":0,"21":0,"22":0,"23":0,"24":0,"25":0,"26":0,"27":0,"28":0,"29":0,"30":0,"31":0,"32":0,"33":0,"34":0,"35":0,"36":0,"37":0,"38":0},"f":{"0":8,"1":6,"2":0,"3":0,"4":0,"5":0,"6":0,"7":0,"8":0},"b":{"0":[1,1],"1":[0,0],"2":[0,0],"3":[0,0]}}
,"/Users/christoler/v0-vital-cv-frontend-mvp/lib/auth/token.ts": {"path":"/Users/christoler/v0-vital-cv-frontend-mvp/lib/auth/token.ts","statementMap":{"0":{"start":{"line":51,"column":16},"end":{"line":51,"column":31}},"1":{"start":{"line":23,"column":22},"end":{"line":23,"column":36}},"2":{"start":{"line":14,"column":16},"end":{"line":14,"column":25}},"3":{"start":{"line":33,"column":22},"end":{"line":33,"column":40}},"4":{"start":{"line":58,"column":16},"end":{"line":58,"column":24}},"5":{"start":{"line":9,"column":33},"end":{"line":9,"column":null}},"6":{"start":{"line":15,"column":2},"end":{"line":15,"column":null}},"7":{"start":{"line":15,"column":10},"end":{"line":15,"column":null}},"8":{"start":{"line":16,"column":14},"end":{"line":16,"column":null}},"9":{"start":{"line":24,"column":2},"end":{"line":26,"column":null}},"10":{"start":{"line":25,"column":4},"end":{"line":25,"column":null}},"11":{"start":{"line":25,"column":52},"end":{"line":25,"column":null}},"12":{"start":{"line":27,"column":2},"end":{"line":27,"column":null}},"13":{"start":{"line":36,"column":16},"end":{"line":36,"column":48}},"14":{"start":{"line":38,"column":2},"end":{"line":40,"column":null}},"15":{"start":{"line":39,"column":4},"end":{"line":39,"column":null}},"16":{"start":{"line":42,"column":2},"end":{"line":45,"column":null}},"17":{"start":{"line":52,"column":2},"end":{"line":52,"column":null}},"18":{"start":{"line":59,"column":2},"end":{"line":59,"column":null}}},"fnMap":{"0":{"name":"isExpired","decl":{"start":{"line":14,"column":16},"end":{"line":14,"column":25}},"loc":{"start":{"line":14,"column":48},"end":{"line":18,"column":null}}},"1":{"name":"getAccessToken","decl":{"start":{"line":23,"column":22},"end":{"line":23,"column":36}},"loc":{"start":{"line":23,"column":22},"end":{"line":28,"column":null}}},"2":{"name":"(anonymous_8)","decl":{"start":{"line":25,"column":46},"end":{"line":25,"column":52}},"loc":{"start":{"line":25,"column":52},"end":{"line":25,"column":null}}},"3":{"name":"refreshAccessToken","decl":{"start":{"line":33,"column":22},"end":{"line":33,"column":40}},"loc":{"start":{"line":33,"column":22},"end":{"line":46,"column":null}}},"4":{"name":"clearTokenCache","decl":{"start":{"line":51,"column":16},"end":{"line":51,"column":31}},"loc":{"start":{"line":51,"column":16},"end":{"line":53,"column":null}}},"5":{"name":"setToken","decl":{"start":{"line":58,"column":16},"end":{"line":58,"column":24}},"loc":{"start":{"line":58,"column":43},"end":{"line":60,"column":null}}}},"branchMap":{"0":{"loc":{"start":{"line":15,"column":2},"end":{"line":15,"column":null}},"type":"if","locations":[{"start":{"line":15,"column":2},"end":{"line":15,"column":null}},{"start":{},"end":{}}]},"1":{"loc":{"start":{"line":24,"column":2},"end":{"line":26,"column":null}},"type":"if","locations":[{"start":{"line":24,"column":2},"end":{"line":26,"column":null}},{"start":{},"end":{}}]},"2":{"loc":{"start":{"line":24,"column":6},"end":{"line":24,"column":36}},"type":"binary-expr","locations":[{"start":{"line":24,"column":6},"end":{"line":24,"column":17}},{"start":{"line":24,"column":17},"end":{"line":24,"column":36}}]},"3":{"loc":{"start":{"line":38,"column":2},"end":{"line":40,"column":null}},"type":"if","locations":[{"start":{"line":38,"column":2},"end":{"line":40,"column":null}},{"start":{},"end":{}}]}},"s":{"0":13,"1":7,"2":5,"3":2,"4":2,"5":1,"6":8,"7":2,"8":6,"9":7,"10":5,"11":1,"12":7,"13":7,"14":7,"15":2,"16":5,"17":13,"18":2},"f":{"0":8,"1":7,"2":1,"3":7,"4":13,"5":2},"b":{"0":[2,6],"1":[5,2],"2":[7,3],"3":[2,5]}}
,"/Users/christoler/v0-vital-cv-frontend-mvp/lib/integrations/schema-org.ts": {"path":"/Users/christoler/v0-vital-cv-frontend-mvp/lib/integrations/schema-org.ts","statementMap":{"0":{"start":{"line":182,"column":16},"end":{"line":182,"column":35}},"1":{"start":{"line":99,"column":16},"end":{"line":99,"column":29}},"2":{"start":{"line":175,"column":16},"end":{"line":175,"column":33}},"3":{"start":{"line":168,"column":16},"end":{"line":168,"column":39}},"4":{"start":{"line":121,"column":16},"end":{"line":121,"column":24}},"5":{"start":{"line":48,"column":16},"end":{"line":48,"column":27}},"6":{"start":{"line":129,"column":16},"end":{"line":129,"column":33}},"7":{"start":{"line":30,"column":56},"end":{"line":43,"column":null}},"8":{"start":{"line":50,"column":26},"end":{"line":52,"column":8}},"9":{"start":{"line":51,"column":36},"end":{"line":51,"column":null}},"10":{"start":{"line":53,"column":22},"end":{"line":53,"column":null}},"11":{"start":{"line":56,"column":21},"end":{"line":56,"column":null}},"12":{"start":{"line":59,"column":17},"end":{"line":59,"column":97}},"13":{"start":{"line":61,"column":4},"end":{"line":63,"column":null}},"14":{"start":{"line":66,"column":48},"end":{"line":77,"column":null}},"15":{"start":{"line":80,"column":2},"end":{"line":82,"column":null}},"16":{"start":{"line":81,"column":4},"end":{"line":81,"column":null}},"17":{"start":{"line":84,"column":2},"end":{"line":86,"column":null}},"18":{"start":{"line":85,"column":4},"end":{"line":85,"column":null}},"19":{"start":{"line":89,"column":2},"end":{"line":91,"column":null}},"20":{"start":{"line":90,"column":4},"end":{"line":90,"column":null}},"21":{"start":{"line":93,"column":2},"end":{"line":93,"column":null}},"22":{"start":{"line":100,"column":17},"end":{"line":102,"column":null}},"23":{"start":{"line":101,"column":24},"end":{"line":101,"column":64}},"24":{"start":{"line":104,"column":2},"end":{"line":115,"column":null}},"25":{"start":{"line":122,"column":27},"end":{"line":122,"column":null}},"26":{"start":{"line":123,"column":2},"end":{"line":123,"column":null}},"27":{"start":{"line":133,"column":27},"end":{"line":133,"column":29}},"28":{"start":{"line":136,"column":2},"end":{"line":138,"column":null}},"29":{"start":{"line":137,"column":4},"end":{"line":137,"column":null}},"30":{"start":{"line":140,"column":2},"end":{"line":142,"column":null}},"31":{"start":{"line":141,"column":4},"end":{"line":141,"column":null}},"32":{"start":{"line":144,"column":2},"end":{"line":146,"column":null}},"33":{"start":{"line":145,"column":4},"end":{"line":145,"column":null}},"34":{"start":{"line":148,"column":2},"end":{"line":157,"column":null}},"35":{"start":{"line":149,"column":4},"end":{"line":149,"column":null}},"36":{"start":{"line":151,"column":4},"end":{"line":153,"column":null}},"37":{"start":{"line":152,"column":6},"end":{"line":152,"column":null}},"38":{"start":{"line":154,"column":4},"end":{"line":156,"column":null}},"39":{"start":{"line":155,"column":6},"end":{"line":155,"column":null}},"40":{"start":{"line":159,"column":2},"end":{"line":162,"column":null}},"41":{"start":{"line":169,"column":2},"end":{"line":169,"column":null}},"42":{"start":{"line":176,"column":2},"end":{"line":176,"column":null}},"43":{"start":{"line":176,"column":66},"end":{"line":176,"column":86}},"44":{"start":{"line":183,"column":20},"end":{"line":183,"column":null}},"45":{"start":{"line":185,"column":2},"end":{"line":197,"column":null}}},"fnMap":{"0":{"name":"toSchemaOrg","decl":{"start":{"line":48,"column":16},"end":{"line":48,"column":27}},"loc":{"start":{"line":48,"column":60},"end":{"line":94,"column":null}}},"1":{"name":"(anonymous_9)","decl":{"start":{"line":51,"column":29},"end":{"line":51,"column":30}},"loc":{"start":{"line":51,"column":36},"end":{"line":51,"column":null}}},"2":{"name":"fromSchemaOrg","decl":{"start":{"line":99,"column":16},"end":{"line":99,"column":29}},"loc":{"start":{"line":99,"column":67},"end":{"line":116,"column":null}}},"3":{"name":"(anonymous_11)","decl":{"start":{"line":101,"column":4},"end":{"line":101,"column":5}},"loc":{"start":{"line":101,"column":24},"end":{"line":101,"column":64}}},"4":{"name":"toJSONLD","decl":{"start":{"line":121,"column":16},"end":{"line":121,"column":24}},"loc":{"start":{"line":121,"column":57},"end":{"line":124,"column":null}}},"5":{"name":"validateSchemaOrg","decl":{"start":{"line":129,"column":16},"end":{"line":129,"column":33}},"loc":{"start":{"line":129,"column":71},"end":{"line":163,"column":null}}},"6":{"name":"getSupportedSchemaTypes","decl":{"start":{"line":168,"column":16},"end":{"line":168,"column":39}},"loc":{"start":{"line":168,"column":16},"end":{"line":170,"column":null}}},"7":{"name":"getCredentialType","decl":{"start":{"line":175,"column":16},"end":{"line":175,"column":33}},"loc":{"start":{"line":175,"column":52},"end":{"line":177,"column":null}}},"8":{"name":"(anonymous_16)","decl":{"start":{"line":176,"column":54},"end":{"line":176,"column":55}},"loc":{"start":{"line":176,"column":66},"end":{"line":176,"column":86}}},"9":{"name":"enrichWithSchemaOrg","decl":{"start":{"line":182,"column":16},"end":{"line":182,"column":35}},"loc":{"start":{"line":182,"column":68},"end":{"line":198,"column":null}}}},"branchMap":{"0":{"loc":{"start":{"line":50,"column":26},"end":{"line":52,"column":8}},"type":"cond-expr","locations":[{"start":{"line":51,"column":6},"end":{"line":51,"column":null}},{"start":{"line":52,"column":6},"end":{"line":52,"column":8}}]},"1":{"loc":{"start":{"line":53,"column":22},"end":{"line":53,"column":null}},"type":"binary-expr","locations":[{"start":{"line":53,"column":22},"end":{"line":53,"column":40}},{"start":{"line":53,"column":44},"end":{"line":53,"column":null}}]},"2":{"loc":{"start":{"line":56,"column":21},"end":{"line":56,"column":null}},"type":"binary-expr","locations":[{"start":{"line":56,"column":21},"end":{"line":56,"column":57}},{"start":{"line":56,"column":61},"end":{"line":56,"column":null}}]},"3":{"loc":{"start":{"line":59,"column":17},"end":{"line":59,"column":97}},"type":"cond-expr","locations":[{"start":{"line":59,"column":57},"end":{"line":59,"column":74}},{"start":{"line":59,"column":77},"end":{"line":59,"column":97}}]},"4":{"loc":{"start":{"line":61,"column":4},"end":{"line":63,"column":null}},"type":"cond-expr","locations":[{"start":{"line":62,"column":8},"end":{"line":62,"column":30}},{"start":{"line":63,"column":8},"end":{"line":63,"column":null}}]},"5":{"loc":{"start":{"line":61,"column":4},"end":{"line":61,"column":67}},"type":"binary-expr","locations":[{"start":{"line":61,"column":4},"end":{"line":61,"column":45}},{"start":{"line":61,"column":45},"end":{"line":61,"column":67}}]},"6":{"loc":{"start":{"line":80,"column":2},"end":{"line":82,"column":null}},"type":"if","locations":[{"start":{"line":80,"column":2},"end":{"line":82,"column":null}},{"start":{},"end":{}}]},"7":{"loc":{"start":{"line":84,"column":2},"end":{"line":86,"column":null}},"type":"if","locations":[{"start":{"line":84,"column":2},"end":{"line":86,"column":null}},{"start":{},"end":{}}]},"8":{"loc":{"start":{"line":89,"column":2},"end":{"line":91,"column":null}},"type":"if","locations":[{"start":{"line":89,"column":2},"end":{"line":91,"column":null}},{"start":{},"end":{}}]},"9":{"loc":{"start":{"line":100,"column":17},"end":{"line":102,"column":null}},"type":"binary-expr","locations":[{"start":{"line":100,"column":17},"end":{"line":102,"column":8}},{"start":{"line":102,"column":12},"end":{"line":102,"column":null}}]},"10":{"loc":{"start":{"line":109,"column":10},"end":{"line":109,"column":null}},"type":"binary-expr","locations":[{"start":{"line":109,"column":10},"end":{"line":109,"column":51}},{"start":{"line":109,"column":51},"end":{"line":109,"column":null}}]},"11":{"loc":{"start":{"line":110,"column":12},"end":{"line":110,"column":null}},"type":"binary-expr","locations":[{"start":{"line":110,"column":12},"end":{"line":110,"column":47}},{"start":{"line":110,"column":47},"end":{"line":110,"column":null}}]},"12":{"loc":{"start":{"line":114,"column":23},"end":{"line":114,"column":null}},"type":"binary-expr","locations":[{"start":{"line":114,"column":23},"end":{"line":114,"column":57}},{"start":{"line":114,"column":61},"end":{"line":114,"column":null}}]},"13":{"loc":{"start":{"line":136,"column":2},"end":{"line":138,"column":null}},"type":"if","locations":[{"start":{"line":136,"column":2},"end":{"line":138,"column":null}},{"start":{},"end":{}}]},"14":{"loc":{"start":{"line":140,"column":2},"end":{"line":142,"column":null}},"type":"if","locations":[{"start":{"line":140,"column":2},"end":{"line":142,"column":null}},{"start":{},"end":{}}]},"15":{"loc":{"start":{"line":144,"column":2},"end":{"line":146,"column":null}},"type":"if","locations":[{"start":{"line":144,"column":2},"end":{"line":146,"column":null}},{"start":{},"end":{}}]},"16":{"loc":{"start":{"line":148,"column":2},"end":{"line":157,"column":null}},"type":"if","locations":[{"start":{"line":148,"column":2},"end":{"line":157,"column":null}},{"start":{"line":150,"column":9},"end":{"line":157,"column":null}}]},"17":{"loc":{"start":{"line":151,"column":4},"end":{"line":153,"column":null}},"type":"if","locations":[{"start":{"line":151,"column":4},"end":{"line":153,"column":null}},{"start":{},"end":{}}]},"18":{"loc":{"start":{"line":154,"column":4},"end":{"line":156,"column":null}},"type":"if","locations":[{"start":{"line":154,"column":4},"end":{"line":156,"column":null}},{"start":{},"end":{}}]},"19":{"loc":{"start":{"line":188,"column":10},"end":{"line":188,"column":null}},"type":"cond-expr","locations":[{"start":{"line":188,"column":50},"end":{"line":188,"column":72}},{"start":{"line":188,"column":75},"end":{"line":188,"column":null}}]}},"s":{"0":3,"1":4,"2":2,"3":2,"4":0,"5":11,"6":6,"7":1,"8":14,"9":28,"10":14,"11":14,"12":14,"13":14,"14":14,"15":14,"16":14,"17":14,"18":14,"19":14,"20":14,"21":14,"22":4,"23":8,"24":4,"25":0,"26":0,"27":6,"28":6,"29":2,"30":6,"31":2,"32":6,"33":4,"34":6,"35":5,"36":1,"37":0,"38":1,"39":0,"40":6,"41":2,"42":2,"43":13,"44":3,"45":3},"f":{"0":14,"1":28,"2":4,"3":8,"4":0,"5":6,"6":2,"7":2,"8":13,"9":3},"b":{"0":[14,0],"1":[14,0],"2":[14,1],"3":[1,13],"4":[13,1],"5":[14,13],"6":[14,0],"7":[14,0],"8":[14,0],"9":[4,0],"10":[4,0],"11":[4,0],"12":[4,0],"13":[2,4],"14":[2,4],"15":[4,2],"16":[5,1],"17":[0,1],"18":[0,1],"19":[3,0]}}
}
