TN:
SF:lib/auth/session.ts
FN:32,createSession
FN:43,verifySession
FN:55,getSession
FN:77,setSessionCookie
FN:92,clearSessionCookie
FN:101,signIn
FN:110,signOut
FN:117,getCurrentUser
FN:125,isAuthenticated
FNF:9
FNH:2
FNDA:8,createSession
FNDA:6,verifySession
FNDA:0,getSession
FNDA:0,setSessionCookie
FNDA:0,clearSessionCookie
FNDA:0,signIn
FNDA:0,signOut
FNDA:0,getCurrentUser
FNDA:0,isAuthenticated
DA:7,1
DA:8,1
DA:11,1
DA:12,1
DA:13,1
DA:32,8
DA:33,8
DA:35,8
DA:43,6
DA:44,6
DA:45,6
DA:46,4
DA:48,2
DA:55,0
DA:58,0
DA:60,0
DA:63,0
DA:64,0
DA:67,0
DA:68,0
DA:71,0
DA:77,0
DA:78,0
DA:80,0
DA:92,0
DA:93,0
DA:95,0
DA:101,0
DA:102,0
DA:103,0
DA:104,0
DA:110,0
DA:111,0
DA:117,0
DA:118,0
DA:119,0
DA:125,0
DA:126,0
DA:127,0
LF:39
LH:13
BRDA:11,0,0,1
BRDA:11,0,1,1
BRDA:58,1,0,0
BRDA:58,1,1,0
BRDA:67,2,0,0
BRDA:67,2,1,0
BRDA:119,3,0,0
BRDA:119,3,1,0
BRF:8
BRH:2
end_of_record
TN:
SF:lib/auth/token.ts
FN:14,isExpired
FN:23,getAccessToken
FN:25,(anonymous_8)
FN:33,refreshAccessToken
FN:51,clearTokenCache
FN:58,setToken
FNF:6
FNH:6
FNDA:8,isExpired
FNDA:7,getAccessToken
FNDA:1,(anonymous_8)
FNDA:7,refreshAccessToken
FNDA:13,clearTokenCache
FNDA:2,setToken
DA:9,1
DA:14,5
DA:15,8
DA:16,6
DA:23,7
DA:24,7
DA:25,5
DA:27,7
DA:33,2
DA:36,7
DA:38,7
DA:39,2
DA:42,5
DA:51,13
DA:52,13
DA:58,2
DA:59,2
LF:17
LH:17
BRDA:15,0,0,2
BRDA:15,0,1,6
BRDA:24,1,0,5
BRDA:24,1,1,2
BRDA:24,2,0,7
BRDA:24,2,1,3
BRDA:38,3,0,2
BRDA:38,3,1,5
BRF:8
BRH:8
end_of_record
TN:
SF:lib/integrations/schema-org.ts
FN:48,toSchemaOrg
FN:51,(anonymous_9)
FN:99,fromSchemaOrg
FN:101,(anonymous_11)
FN:121,toJSONLD
FN:129,validateSchemaOrg
FN:168,getSupportedSchemaTypes
FN:175,getCredentialType
FN:176,(anonymous_16)
FN:182,enrichWithSchemaOrg
FNF:10
FNH:9
FNDA:14,toSchemaOrg
FNDA:28,(anonymous_9)
FNDA:4,fromSchemaOrg
FNDA:8,(anonymous_11)
FNDA:0,toJSONLD
FNDA:6,validateSchemaOrg
FNDA:2,getSupportedSchemaTypes
FNDA:2,getCredentialType
FNDA:13,(anonymous_16)
FNDA:3,enrichWithSchemaOrg
DA:30,1
DA:48,11
DA:50,14
DA:51,28
DA:53,14
DA:56,14
DA:59,14
DA:61,14
DA:66,14
DA:80,14
DA:81,14
DA:84,14
DA:85,14
DA:89,14
DA:90,14
DA:93,14
DA:99,4
DA:100,4
DA:101,8
DA:104,4
DA:121,0
DA:122,0
DA:123,0
DA:129,6
DA:133,6
DA:136,6
DA:137,2
DA:140,6
DA:141,2
DA:144,6
DA:145,4
DA:148,6
DA:149,5
DA:151,1
DA:152,0
DA:154,1
DA:155,0
DA:159,6
DA:168,2
DA:169,2
DA:175,2
DA:176,13
DA:182,3
DA:183,3
DA:185,3
LF:45
LH:40
BRDA:50,0,0,14
BRDA:50,0,1,0
BRDA:53,1,0,14
BRDA:53,1,1,0
BRDA:56,2,0,14
BRDA:56,2,1,1
BRDA:59,3,0,1
BRDA:59,3,1,13
BRDA:61,4,0,13
BRDA:61,4,1,1
BRDA:61,5,0,14
BRDA:61,5,1,13
BRDA:80,6,0,14
BRDA:80,6,1,0
BRDA:84,7,0,14
BRDA:84,7,1,0
BRDA:89,8,0,14
BRDA:89,8,1,0
BRDA:100,9,0,4
BRDA:100,9,1,0
BRDA:109,10,0,4
BRDA:109,10,1,0
BRDA:110,11,0,4
BRDA:110,11,1,0
BRDA:114,12,0,4
BRDA:114,12,1,0
BRDA:136,13,0,2
BRDA:136,13,1,4
BRDA:140,14,0,2
BRDA:140,14,1,4
BRDA:144,15,0,4
BRDA:144,15,1,2
BRDA:148,16,0,5
BRDA:148,16,1,1
BRDA:151,17,0,0
BRDA:151,17,1,1
BRDA:154,18,0,0
BRDA:154,18,1,1
BRDA:188,19,0,3
BRDA:188,19,1,0
BRF:40
BRH:28
end_of_record
